Logging started ...

2016-11-29 21:04:39-0500 > xaxasassa
2016-11-29 21:05:53-0500 > <LCtrl>x
2016-11-29 21:05:55-0500 > xk܂er<BckSp><BckSp><BckSp><BckSp>ke܂r
2016-11-29 21:05:59-0500 > <LCtrl>bbbbb܂<LShft>#<BckSp><LShft>#<LCtrl>bbp<LShft>#<BckSp><LCtrl>p<BckSp>..<LCtrl>b..<LCtrl>b<LCtrl>..<LCtrl>b..<LCtrl>bb܂..<LCtrl>za<LAlt><Tab>fxx - <BckSp>0 <BckSp><BckSp>o n܂ib n܂<Tab>
2016-11-29 21:07:25-0500 > n܂<BckSp><BckSp>,.n܂ib
2016-11-29 21:07:28-0500 > <LAlt><Tab><LCtrl>pppppp܂<LShft>..<LCtrl>za<LAlt><Tab><Up><Up>
2016-11-29 21:07:49-0500 > <Up><Up>
2016-11-29 21:07:51-0500 > <LAlt><Tab><LCtrl>bbbbbbpd<#+39><BckSp><#+18><BckSp><BckSp><BckSp><BckSp><BckSp><BckSp><BckSp><BckSp><BckSp><BckSp><BckSp><BckSp><BckSp><BckSp><LCtrl>za<LAlt><Tab><Up>
2016-11-29 21:08:11-0500 > <Up><Up>
2016-11-29 21:08:13-0500 > <Up><Up>
2016-11-29 21:08:15-0500 > <LCtrl><LCtrl>x
2016-11-29 21:08:41-0500 > <LAlt><Tab>ka -܂
2016-11-29 21:08:47-0500 > xs ao<Tab>
2016-11-29 21:08:55-0500 > ka -܂
2016-11-29 21:08:56-0500 > cin teat
2016-11-29 21:08:59-0500 > o<BckSp>tgia ia ܂ taet<BckSp><BckSp><BckSp>eat<Esc><LShft>Lwq
2016-11-29 21:09:07-0500 > xk<BckSp>x<BckSp>s,,
2016-11-29 21:09:11-0500 > xs ..
2016-11-29 21:09:13-0500 > xs <LShft>"
2016-11-29 21:09:18-0500 > xs <LShft>Sea<Tab>x<Tab>
2016-11-29 21:09:21-0500 > xke܂r
2016-11-29 21:09:23-0500 > <Up><Up><Up><Up><Up><Up><Up><Up><Up><Up><Up><LAlt><Tab><LCtrl>bbbbbbbd<#+28>ddd<BckSp><BckSp><BckSp><BckSp><BckSp><BckSp>teat<LCtrl>vvvv<#+11>vvvv<LCtrl>dd<BckSp><BckSp>x܂t <LCtrl>.<LCtrl>za<LCtrl>eza<LCtrl><LAlt><Tab>
2016-11-29 21:09:50-0500 > n܂i<BckSp><BckSp><BckSp>,.n܂ib
2016-11-29 21:09:54-0500 > <LAlt><Tab><LCtrl>v<#+17>vvv<BckSp><LCtrl>za<LAlt><Tab><Up>
2016-11-29 21:10:01-0500 > <LAlt><Tab><LCtrl>dd<#+2>ddddddddd<LCtrl><BckSp><BckSp><BckSp><BckSp><#+9><BckSp><BckSp><BckSp><BckSp><BckSp><BckSp><BckSp><BckSp><BckSp><BckSp>pws<LCtrl>za<LAlt><Tab><Up><Up>
2016-11-29 21:10:16-0500 > <Up><Up>
2016-11-29 21:10:17-0500 > <LAlt><Tab><BckSp><BckSp><BckSp>,.<BckSp><BckSp>.<BckSp>,. .gone.\e<BckSp>geb<Tab><LShft>_<BckSp><BckSp><BckSp><BckSp><BckSp><#+6><BckSp><BckSp><BckSp><BckSp><BckSp><BckSp><BckSp><BckSp><BckSp> <BckSp><BckSp><BckSp>kox܂te <BckSp><BckSp> <BckSp>e aecer<BckSp><BckSp><BckSp>rcer
2016-11-29 21:12:35-0500 > xke܂r
2016-11-29 21:12:44-0500 > kox܂te aox<Tab>jet.<LCtrl><BckSp><BckSp><BckSp><BckSp><BckSp><BckSp><BckSp>-vr ;<LShft>^aoxjet.<BckSp>.xkiebt,<BckSp>;
2016-11-29 21:13:27-0500 > xke܂er
2016-11-29 21:13:36-0500 > xke܂r
2016-11-29 21:13:38-0500 > i<BckSp>x <BckSp><BckSp><BckSp>gwo t<BckSp><BckSp><BckSp><BckSp>wo <BckSp><BckSp><BckSp>ow to fet tge dike p܂tg witg <BckSp><BckSp><BckSp><BckSp><BckSp>ib <LShft>X
2016-11-29 21:14:12-0500 > <BckSp>gwo <BckSp><BckSp><BckSp>ow to  x܂<BckSp><BckSp><BckSp>x܂kk tge ezexu<LCtrl>b<Down><Down><BckSp><BckSp><BckSp><BckSp><#+15><BckSp><BckSp><BckSp>ib tge a܂ne do<Down> ib <LShft>X
2016-11-29 21:15:52-0500 > <BckSp><#+41><BckSp> ibxki<BckSp>use dike dron <Down><BckSp><BckSp><BckSp><BckSp><LShft>X<BckSp> <LShft>X
2016-11-29 21:16:35-0500 > <LAlt><Tab><LAlt><Tab>gow t <BckSp>o fet retrub <BckSp><BckSp><BckSp><BckSp>urb c܂kue od pws
2016-11-29 21:17:43-0500 > <LAlt><Tab>,.<BckSp><BckSp><BckSp>p<BckSp>xs aox<Tab>
2016-11-29 21:18:27-0500 > xs ,,
2016-11-29 21:18:30-0500 > pws
2016-11-29 21:18:32-0500 > <LShft><LCtrl>x
2016-11-29 21:18:41-0500 > x
2016-11-29 21:18:41-0500 > x
2016-11-29 21:18:41-0500 > ,.<LCtrl><LShft>C.xoa<BckSp><BckSp>a<BckSp><BckSp>a<Tab>oxjet.aercer
2016-11-29 21:18:57-0500 > <Up><LCtrl>܂dd<#+1>d<BckSp>
2016-11-29 21:19:04-0500 > ka -܂
2016-11-29 21:24:28-0500 > psw
2016-11-29 21:24:38-0500 > pws
2016-11-29 21:24:39-0500 > <LAlt><Tab><Tab><LAlt><Tab><LAlt><Tab><LAlt><Tab>,.<BckSp><BckSp><LAlt><Tab><Tab><LAlt><Tab><LAlt><Tab><LAlt><Tab><LAlt><Tab><LAlt><Tab><LAlt><Tab>ao<BckSp>so<BckSp><BckSp>uso a<BckSp><BckSp><BckSp><BckSp><BckSp><BckSp><Down><Left><Left><Left><LShft>%a.j<BckSp>xkiebt<Right><Left><Left><Left><Left><Left><Left><Left><Left><Left><Left>,.<Right><Right><Right><Right><Right><Right><Right><Right><Right><Right>m
2016-11-29 21:30:20-0500 > x<BckSp><BckSp><BckSp><BckSp>
2016-11-29 21:30:24-0500 > xg܂r <Left><LShft>* <LShft><LCtrl>C.aox<Tab><LCtrl>pb<LCtrl>܂,.<Down><LCtrl>e.xkibe<BckSp><BckSp>ebt 
2016-11-29 21:31:14-0500 > ezex <LCtrl><LShft><Up><Up><Up><Up><Up><Up><Up><Up><BckSp><#+23><Up><Up><Up><Up><Up><Up><Up><Down><Down><Down><Down><Down><Down><Down><Down><Down><Down><#+74><Down><#+10><Up><Up><Up><Up><Down><BckSp><#+42>xke܂r
2016-11-29 21:31:56-0500 > <Up><Up><Up><Up><Up><Up><Down><Down><#+17><Down><Down><Up><Up><LCtrl>܂dd<BckSp><BckSp><BckSp>ezex <LCtrl>
2016-11-29 21:32:11-0500 > <LCtrl>x
2016-11-29 21:32:14-0500 > xs <LShft>Sea<Tab><BckSp><#+20><LAlt><Tab>gow to ezexute<BckSp><#+21>gow to ezexute ܂b ܂<BckSp>ezexute܂<BckSp><BckSp>܂vke vy <BckSp><BckSp><BckSp>witg p܂tg
2016-11-29 21:32:58-0500 > <LAlt><Tab><LAlt><Tab>xs <LShft>Sea<Tab><Tab><Tab><Tab><Tab><Tab><Tab><Tab><Tab>
2016-11-29 21:33:39-0500 > 
2016-11-29 21:33:41-0500 > xs <LShft>"
2016-11-29 21:33:47-0500 > <Up><Up><Up><Up><Up><Up><Up><Up><Up><Up><Down><Left><#+54><Left><BckSp>
2016-11-29 21:34:08-0500 > <Tab><LAlt><BckSp><BckSp><BckSp><LAlt><Tab><LAlt><Tab><LCtrl>܂j<LCtrl>pddd<LCtrl>d<BckSp><BckSp><LCtrl>pdd<BckSp><BckSp><LCtrl>pdd<BckSp><BckSp><LCtrl>pddd<BckSp><BckSp><BckSp><BckSp><LCtrl>pddddd<BckSp><BckSp><BckSp><BckSp><LCtrl>bb<Tab><LCtrl>b<Tab><LCtrl>b<Tab><LCtrl>bb<Tab><LCtrl>bv<BckSp><BckSp><BckSp><BckSp><BckSp><BckSp><LCtrl>ppppbb<Tab><LAlt><Tab>v <BckSp><BckSp>atr<BckSp><BckSp><BckSp>xg܂r <LShft>* <BckSp><BckSp><BckSp><LShft>* = <BckSp><BckSp><BckSp> v = ;pws<LCtrl>e<LCtrl>
2016-11-29 21:35:25-0500 > <BckSp><BckSp><BckSp><BckSp><BckSp><BckSp><BckSp>l
2016-11-29 21:35:29-0500 > ayaten <LShft>(e<BckSp>;exgo <LShft>$v<BckSp>v<LCtrl>vvbbpd<#+4>ddddddv<LCtrl>e<LCtrl>vvv <LCtrl>zaxs <LShft>Sea<Tab><Tab><Tab><Tab><Tab><Tab><Tab><LShft><Tab><Tab><Tab><Tab><Tab>
2016-11-29 21:36:40-0500 > <Tab><Tab><Tab><BckSp><BckSp><BckSp><BckSp><BckSp><BckSp><BckSp>
2016-11-29 21:36:45-0500 > fxx -o n܂ib<Tab> n<Tab>
2016-11-29 21:36:50-0500 > <LAlt><Tab><LCtrl>epl<LCtrl>za<LAlt><Tab><Up>
2016-11-29 21:37:04-0500 > <LAlt><Tab><LCtrl>za<LAlt><Tab><LAlt><Tab><LAlt><Tab><LAlt><Tab><LCtrl>bdddd<BckSp><BckSp><BckSp><LCtrl>vvvvvvvvd<LCtrl>e܂j<Tab>v,x܂<BckSp>obx܂t<LAlt><LShft>D<LMeta><LShft><LCtrl>ppppbe<BckSp><BckSp><BckSp><BckSp><BckSp><BckSp><BckSp><BckSp><LCtrl>y<LShft>(vm <LShft>:.aoxjet.xkiebt<LCtrl>el<LCtrl>za
2016-11-29 21:39:03-0500 > aya<Tab><LShft>(v<LCtrl>el<LCtrl>za<LAlt><Tab><LAlt><Tab><LAlt><Tab><Up>
2016-11-29 21:39:28-0500 > <LAlt><Tab><LAlt><Tab><LAlt><Tab><LCtrl>pppe<BckSp><BckSp><BckSp><BckSp><BckSp><BckSp><LShft>:pws<LShft><LCtrl>el<LCtrl>za<LAlt><Tab><LAlt><Tab><LAlt><Tab><LAlt><Tab><LCtrl>bvvvvvvvv<LCtrl>d<BckSp><LShft>:<LCtrl>d<BckSp><LCtrl>d<#+6>ddddddd<BckSp><LShft>:<LCtrl><BckSp><LShft>:<LCtrl>bbppbpv<BckSp><LCtrl>za<LCtrl><LAlt><Tab><LAlt><Tab><LShft><LCtrl>pppppppppppp
2016-11-29 21:40:49-0500 > <LShft>#ib
2016-11-29 21:40:52-0500 >  <BckSp><LShft> <LShft>Matr
2016-11-29 21:40:55-0500 > <LCtrl>za<LAlt><Tab><Up>
2016-11-29 21:40:58-0500 > n܂ib<BckSp><BckSp><BckSp><BckSp><BckSp>n܂ib
2016-11-29 21:41:05-0500 > ,.m܂o<BckSp><BckSp><BckSp>n܂ib
2016-11-29 21:41:09-0500 > 125632145
2016-11-29 21:41:12-0500 > <LCtrl>c<LCtrl>x
2016-11-29 21:42:32-0500 > <LCtrl>x
2016-11-29 21:42:33-0500 > xke܂r
2016-11-29 21:42:35-0500 > <LAlt><Tab><LCtrl>ppppevvvvd<BckSp><BckSp><BckSp><BckSp><BckSp><BckSp>aere<BckSp>cer<LCtrl>za<LAlt><Tab><LAlt><Tab><LCtrl>ppppppp܂<LShft>#<LCtrl>܂<Tab><LCtrl>bbbbbppbpbpe
2016-11-29 21:43:03-0500 > pribtd<LShft>(<LShft>:30 w܂b ke <LCtrl>el<LCtrl>za<Up><Up><Up><Up>
2016-11-29 21:43:20-0500 > <LAlt><Tab><LCtrl>pppp܂d<BckSp><BckSp>
2016-11-29 21:43:28-0500 > .. <LCtrl>za<LAlt><Tab><Up>
2016-11-29 21:43:32-0500 > ,.n܂ib
2016-11-29 21:43:35-0500 > <LCtrl>x
2016-11-29 21:44:17-0500 > xke܂r
2016-11-29 21:44:18-0500 > <LAlt><Tab><LCtrl>ppppppppppb<Tab><LShft># <BckSp><BckSp>.. <LCtrl>za<LAlt><Tab><Up><Up><Up>
2016-11-29 21:44:34-0500 > ,.n܂ib
2016-11-29 21:44:38-0500 > 

Logging stopped at 2016-11-29 21:44:39-0500

Logging started ...

2016-11-29 21:45:03-0500 > 

Logging stopped at 2016-11-29 21:45:03-0500

Logging started ...

2016-11-29 21:45:07-0500 > 

Logging stopped at 2016-11-29 21:45:07-0500

Logging started ...

2016-11-29 21:45:39-0500 > 

Logging stopped at 2016-11-29 21:45:39-0500

Logging started ...

2016-11-29 21:46:00-0500 > 

Logging stopped at 2016-11-29 21:46:00-0500

Logging started ...

2016-11-29 21:46:00-0500 > 

Logging stopped at 2016-11-29 21:46:00-0500

Logging started ...

2016-11-29 21:46:00-0500 > 

Logging stopped at 2016-11-29 21:46:00-0500

Logging started ...

2016-11-29 21:46:00-0500 > 

Logging stopped at 2016-11-29 21:46:00-0500

Logging started ...

2016-11-29 21:46:00-0500 > 

Logging stopped at 2016-11-29 21:46:00-0500

Logging started ...

2016-11-29 21:46:00-0500 > 

Logging stopped at 2016-11-29 21:46:00-0500

Logging started ...

2016-11-29 21:46:01-0500 > 

Logging stopped at 2016-11-29 21:46:01-0500

Logging started ...

2016-11-29 21:46:01-0500 > 

Logging stopped at 2016-11-29 21:46:01-0500

Logging started ...

2016-11-29 21:46:01-0500 > 

Logging stopped at 2016-11-29 21:46:01-0500

Logging started ...

2016-11-29 21:46:01-0500 > 

Logging stopped at 2016-11-29 21:46:01-0500

Logging started ...

2016-11-29 21:46:01-0500 > 

Logging stopped at 2016-11-29 21:46:01-0500

Logging started ...

2016-11-29 21:46:01-0500 > 

Logging stopped at 2016-11-29 21:46:01-0500

Logging started ...

2016-11-29 21:46:01-0500 > 

Logging stopped at 2016-11-29 21:46:01-0500

Logging started ...

2016-11-29 21:46:01-0500 > 

Logging stopped at 2016-11-29 21:46:01-0500

Logging started ...

2016-11-29 21:46:01-0500 > 

Logging stopped at 2016-11-29 21:46:01-0500

Logging started ...

2016-11-29 21:46:01-0500 > 

Logging stopped at 2016-11-29 21:46:01-0500

Logging started ...

2016-11-29 21:46:01-0500 > 

Logging stopped at 2016-11-29 21:46:01-0500

Logging started ...

2016-11-29 21:46:01-0500 > 

Logging stopped at 2016-11-29 21:46:01-0500

Logging started ...

2016-11-29 21:46:01-0500 > 

Logging stopped at 2016-11-29 21:46:01-0500

Logging started ...

2016-11-29 21:46:01-0500 > 

Logging stopped at 2016-11-29 21:46:01-0500

Logging started ...

2016-11-29 21:46:01-0500 > 

Logging stopped at 2016-11-29 21:46:01-0500

Logging started ...

2016-11-29 21:46:02-0500 > 

Logging stopped at 2016-11-29 21:46:02-0500

Logging started ...

2016-11-29 21:46:02-0500 > 

Logging stopped at 2016-11-29 21:46:02-0500

Logging started ...

2016-11-29 21:46:02-0500 > 

Logging stopped at 2016-11-29 21:46:02-0500

Logging started ...

2016-11-29 21:46:02-0500 > 

Logging stopped at 2016-11-29 21:46:02-0500

Logging started ...

2016-11-29 21:46:02-0500 > 

Logging stopped at 2016-11-29 21:46:02-0500

Logging started ...

2016-11-29 21:46:02-0500 > 

Logging stopped at 2016-11-29 21:46:02-0500

Logging started ...

2016-11-29 21:46:02-0500 > 

Logging stopped at 2016-11-29 21:46:02-0500

Logging started ...

2016-11-29 21:46:02-0500 > 

Logging stopped at 2016-11-29 21:46:02-0500

Logging started ...

2016-11-29 21:46:02-0500 > 

Logging stopped at 2016-11-29 21:46:02-0500

Logging started ...

2016-11-29 21:46:02-0500 > 

Logging stopped at 2016-11-29 21:46:02-0500

Logging started ...

2016-11-29 21:46:02-0500 > 

Logging stopped at 2016-11-29 21:46:02-0500

Logging started ...

2016-11-29 21:46:02-0500 > 

Logging stopped at 2016-11-29 21:46:02-0500

Logging started ...

2016-11-29 21:46:02-0500 > 

Logging stopped at 2016-11-29 21:46:02-0500

Logging started ...

2016-11-29 21:46:02-0500 > 

Logging stopped at 2016-11-29 21:46:02-0500

Logging started ...

2016-11-29 21:46:02-0500 > 

Logging stopped at 2016-11-29 21:46:02-0500

Logging started ...

2016-11-29 21:46:02-0500 > 

Logging stopped at 2016-11-29 21:46:03-0500

Logging started ...

2016-11-29 21:46:03-0500 > 

Logging stopped at 2016-11-29 21:46:03-0500

Logging started ...

2016-11-29 21:46:03-0500 > 

Logging stopped at 2016-11-29 21:46:03-0500

Logging started ...

2016-11-29 21:46:03-0500 > 

Logging stopped at 2016-11-29 21:46:03-0500

Logging started ...

2016-11-29 21:46:03-0500 > 

Logging stopped at 2016-11-29 21:46:03-0500

Logging started ...

2016-11-29 21:46:03-0500 > 

Logging stopped at 2016-11-29 21:46:03-0500

Logging started ...

2016-11-29 21:46:03-0500 > 

Logging stopped at 2016-11-29 21:46:03-0500

Logging started ...

2016-11-29 21:46:03-0500 > 

Logging stopped at 2016-11-29 21:46:03-0500

Logging started ...

2016-11-29 21:46:03-0500 > 

Logging stopped at 2016-11-29 21:46:03-0500

Logging started ...

2016-11-29 21:46:03-0500 > 

Logging stopped at 2016-11-29 21:46:03-0500

Logging started ...

2016-11-29 21:46:03-0500 > 

Logging stopped at 2016-11-29 21:46:03-0500

Logging started ...

2016-11-29 21:46:03-0500 > 

Logging stopped at 2016-11-29 21:46:03-0500

Logging started ...

2016-11-29 21:46:03-0500 > 

Logging stopped at 2016-11-29 21:46:03-0500

Logging started ...

2016-11-29 21:46:03-0500 > 

Logging stopped at 2016-11-29 21:46:03-0500

Logging started ...

2016-11-29 21:46:03-0500 > 

Logging stopped at 2016-11-29 21:46:03-0500

Logging started ...

2016-11-29 21:46:04-0500 > 

Logging stopped at 2016-11-29 21:46:04-0500

Logging started ...

2016-11-29 21:46:04-0500 > 

Logging stopped at 2016-11-29 21:46:04-0500

Logging started ...

2016-11-29 21:46:04-0500 > 

Logging stopped at 2016-11-29 21:46:04-0500

Logging started ...

2016-11-29 21:46:04-0500 > 

Logging stopped at 2016-11-29 21:46:04-0500

Logging started ...

2016-11-29 21:46:04-0500 > 

Logging stopped at 2016-11-29 21:46:04-0500

Logging started ...

2016-11-29 21:46:04-0500 > 

Logging stopped at 2016-11-29 21:46:04-0500

Logging started ...

2016-11-29 21:46:04-0500 > 

Logging stopped at 2016-11-29 21:46:04-0500

Logging started ...

2016-11-29 21:46:04-0500 > 

Logging stopped at 2016-11-29 21:46:04-0500

Logging started ...

2016-11-29 21:46:04-0500 > 

Logging stopped at 2016-11-29 21:46:04-0500

Logging started ...

2016-11-29 21:46:04-0500 > 

Logging stopped at 2016-11-29 21:46:04-0500

Logging started ...

2016-11-29 21:46:04-0500 > 

Logging stopped at 2016-11-29 21:46:04-0500

Logging started ...

2016-11-29 21:46:04-0500 > 

Logging stopped at 2016-11-29 21:46:04-0500

Logging started ...

2016-11-29 21:46:04-0500 > 

Logging stopped at 2016-11-29 21:46:04-0500

Logging started ...

2016-11-29 21:46:04-0500 > 

Logging stopped at 2016-11-29 21:46:05-0500

Logging started ...

2016-11-29 21:46:05-0500 > 

Logging stopped at 2016-11-29 21:46:05-0500

Logging started ...

2016-11-29 21:46:05-0500 > 

Logging stopped at 2016-11-29 21:46:05-0500

Logging started ...

2016-11-29 21:46:05-0500 > 

Logging stopped at 2016-11-29 21:46:05-0500

Logging started ...

2016-11-29 21:46:05-0500 > 

Logging stopped at 2016-11-29 21:46:05-0500

Logging started ...

2016-11-29 21:46:05-0500 > 

Logging stopped at 2016-11-29 21:46:05-0500

Logging started ...

2016-11-29 21:46:05-0500 > 

Logging stopped at 2016-11-29 21:46:05-0500

Logging started ...

2016-11-29 21:46:05-0500 > 

Logging stopped at 2016-11-29 21:46:05-0500

Logging started ...

2016-11-29 21:46:05-0500 > 

Logging stopped at 2016-11-29 21:46:05-0500

Logging started ...

2016-11-29 21:46:05-0500 > 

Logging stopped at 2016-11-29 21:46:05-0500

Logging started ...

2016-11-29 21:46:05-0500 > 

Logging stopped at 2016-11-29 21:46:05-0500

Logging started ...

2016-11-29 21:46:05-0500 > 

Logging stopped at 2016-11-29 21:46:05-0500

Logging started ...

2016-11-29 21:46:05-0500 > 

Logging stopped at 2016-11-29 21:46:05-0500

Logging started ...

2016-11-29 21:46:05-0500 > 

Logging stopped at 2016-11-29 21:46:05-0500

Logging started ...

2016-11-29 21:46:05-0500 > 

Logging stopped at 2016-11-29 21:46:05-0500

Logging started ...

2016-11-29 21:46:06-0500 > 

Logging stopped at 2016-11-29 21:46:06-0500

Logging started ...

2016-11-29 21:46:06-0500 > 

Logging stopped at 2016-11-29 21:46:06-0500

Logging started ...

2016-11-29 21:46:06-0500 > 

Logging stopped at 2016-11-29 21:46:06-0500

Logging started ...

2016-11-29 21:46:06-0500 > 

Logging stopped at 2016-11-29 21:46:06-0500

Logging started ...

2016-11-29 21:46:06-0500 > 

Logging stopped at 2016-11-29 21:46:06-0500

Logging started ...

2016-11-29 21:46:06-0500 > 

Logging stopped at 2016-11-29 21:46:06-0500

Logging started ...

2016-11-29 21:46:06-0500 > 

Logging stopped at 2016-11-29 21:46:06-0500

Logging started ...

2016-11-29 21:46:06-0500 > 

Logging stopped at 2016-11-29 21:46:06-0500

Logging started ...

2016-11-29 21:46:06-0500 > 

Logging stopped at 2016-11-29 21:46:06-0500

Logging started ...

2016-11-29 21:46:06-0500 > 

Logging stopped at 2016-11-29 21:46:06-0500

Logging started ...

2016-11-29 21:46:06-0500 > 

Logging stopped at 2016-11-29 21:46:06-0500

Logging started ...

2016-11-29 21:46:06-0500 > 

Logging stopped at 2016-11-29 21:46:06-0500

Logging started ...

2016-11-29 21:46:06-0500 > 

Logging stopped at 2016-11-29 21:46:06-0500

Logging started ...

2016-11-29 21:46:06-0500 > 

Logging stopped at 2016-11-29 21:46:06-0500

Logging started ...

2016-11-29 21:46:06-0500 > 

Logging stopped at 2016-11-29 21:46:06-0500

Logging started ...

2016-11-29 21:46:07-0500 > 

Logging stopped at 2016-11-29 21:46:07-0500

Logging started ...

2016-11-29 21:46:07-0500 > 

Logging stopped at 2016-11-29 21:46:07-0500

Logging started ...

2016-11-29 21:46:07-0500 > 

Logging stopped at 2016-11-29 21:46:07-0500

Logging started ...

2016-11-29 21:46:07-0500 > 

Logging stopped at 2016-11-29 21:46:07-0500

Logging started ...

2016-11-29 21:46:07-0500 > 

Logging stopped at 2016-11-29 21:46:07-0500

Logging started ...

2016-11-29 21:46:07-0500 > 

Logging stopped at 2016-11-29 21:46:07-0500

Logging started ...

2016-11-29 21:46:07-0500 > 

Logging stopped at 2016-11-29 21:46:07-0500

Logging started ...

2016-11-29 21:46:07-0500 > 

Logging stopped at 2016-11-29 21:46:07-0500

Logging started ...

2016-11-29 21:46:07-0500 > 

Logging stopped at 2016-11-29 21:46:07-0500

Logging started ...

2016-11-29 21:46:07-0500 > 

Logging stopped at 2016-11-29 21:46:07-0500

Logging started ...

2016-11-29 21:46:07-0500 > 

Logging stopped at 2016-11-29 21:46:07-0500

Logging started ...

2016-11-29 21:46:07-0500 > 

Logging stopped at 2016-11-29 21:46:07-0500

Logging started ...

2016-11-29 21:46:07-0500 > 

Logging stopped at 2016-11-29 21:46:07-0500

Logging started ...

2016-11-29 21:46:07-0500 > 

Logging stopped at 2016-11-29 21:46:07-0500

Logging started ...

2016-11-29 21:46:07-0500 > 

Logging stopped at 2016-11-29 21:46:07-0500

Logging started ...

2016-11-29 21:46:07-0500 > 

Logging stopped at 2016-11-29 21:46:08-0500

Logging started ...

2016-11-29 21:46:08-0500 > 

Logging stopped at 2016-11-29 21:46:08-0500

Logging started ...

2016-11-29 21:46:08-0500 > 

Logging stopped at 2016-11-29 21:46:08-0500

Logging started ...

2016-11-29 21:46:08-0500 > 

Logging stopped at 2016-11-29 21:46:08-0500

Logging started ...

2016-11-29 21:46:08-0500 > 

Logging stopped at 2016-11-29 21:46:08-0500

Logging started ...

2016-11-29 21:46:08-0500 > 

Logging stopped at 2016-11-29 21:46:08-0500

Logging started ...

2016-11-29 21:46:08-0500 > 

Logging stopped at 2016-11-29 21:46:08-0500

Logging started ...

2016-11-29 21:46:08-0500 > 

Logging stopped at 2016-11-29 21:46:08-0500

Logging started ...

2016-11-29 21:46:08-0500 > 

Logging stopped at 2016-11-29 21:46:08-0500

Logging started ...

2016-11-29 21:46:08-0500 > 

Logging stopped at 2016-11-29 21:46:08-0500

Logging started ...

2016-11-29 21:46:08-0500 > 

Logging stopped at 2016-11-29 21:46:08-0500

Logging started ...

2016-11-29 21:46:08-0500 > 

Logging stopped at 2016-11-29 21:46:08-0500

Logging started ...

2016-11-29 21:46:08-0500 > 

Logging stopped at 2016-11-29 21:46:08-0500

Logging started ...

2016-11-29 21:46:08-0500 > 

Logging stopped at 2016-11-29 21:46:08-0500

Logging started ...

2016-11-29 21:46:08-0500 > 

Logging stopped at 2016-11-29 21:46:08-0500

Logging started ...

2016-11-29 21:46:08-0500 > 

Logging stopped at 2016-11-29 21:46:08-0500

Logging started ...

2016-11-29 21:46:09-0500 > 

Logging stopped at 2016-11-29 21:46:09-0500

Logging started ...

2016-11-29 21:46:09-0500 > 

Logging stopped at 2016-11-29 21:46:09-0500

Logging started ...

2016-11-29 21:46:09-0500 > 

Logging stopped at 2016-11-29 21:46:09-0500

Logging started ...

2016-11-29 21:46:09-0500 > 

Logging stopped at 2016-11-29 21:46:09-0500

Logging started ...

2016-11-29 21:46:09-0500 > 

Logging stopped at 2016-11-29 21:46:09-0500

Logging started ...

2016-11-29 21:46:09-0500 > 

Logging stopped at 2016-11-29 21:46:09-0500

Logging started ...

2016-11-29 21:46:09-0500 > 

Logging stopped at 2016-11-29 21:46:09-0500

Logging started ...

2016-11-29 21:46:09-0500 > 

Logging stopped at 2016-11-29 21:46:09-0500

Logging started ...

2016-11-29 21:46:09-0500 > 

Logging stopped at 2016-11-29 21:46:09-0500

Logging started ...

2016-11-29 21:46:09-0500 > 

Logging stopped at 2016-11-29 21:46:09-0500

Logging started ...

2016-11-29 21:46:09-0500 > 

Logging stopped at 2016-11-29 21:46:09-0500

Logging started ...

2016-11-29 21:46:09-0500 > 

Logging stopped at 2016-11-29 21:46:09-0500

Logging started ...

2016-11-29 21:46:09-0500 > 

Logging stopped at 2016-11-29 21:46:09-0500

Logging started ...

2016-11-29 21:46:09-0500 > 

Logging stopped at 2016-11-29 21:46:09-0500

Logging started ...

2016-11-29 21:46:10-0500 > 

Logging stopped at 2016-11-29 21:46:10-0500

Logging started ...

2016-11-29 21:46:10-0500 > 

Logging stopped at 2016-11-29 21:46:10-0500

Logging started ...

2016-11-29 21:46:10-0500 > 

Logging stopped at 2016-11-29 21:46:10-0500

Logging started ...

2016-11-29 21:46:10-0500 > 

Logging stopped at 2016-11-29 21:46:10-0500

Logging started ...

2016-11-29 21:46:10-0500 > 

Logging stopped at 2016-11-29 21:46:10-0500

Logging started ...

2016-11-29 21:46:10-0500 > 

Logging stopped at 2016-11-29 21:46:10-0500

Logging started ...

2016-11-29 21:46:10-0500 > 

Logging stopped at 2016-11-29 21:46:10-0500

Logging started ...

2016-11-29 21:46:10-0500 > 

Logging stopped at 2016-11-29 21:46:10-0500

Logging started ...

2016-11-29 21:46:10-0500 > 

Logging stopped at 2016-11-29 21:46:10-0500

Logging started ...

2016-11-29 21:46:10-0500 > 

Logging stopped at 2016-11-29 21:46:10-0500

Logging started ...

2016-11-29 21:46:10-0500 > 

Logging stopped at 2016-11-29 21:46:10-0500

Logging started ...

2016-11-29 21:46:10-0500 > 

Logging stopped at 2016-11-29 21:46:10-0500

Logging started ...

2016-11-29 21:46:10-0500 > 

Logging stopped at 2016-11-29 21:46:11-0500

Logging started ...

2016-11-29 21:46:11-0500 > 

Logging stopped at 2016-11-29 21:46:11-0500

Logging started ...

2016-11-29 21:46:11-0500 > 

Logging stopped at 2016-11-29 21:46:11-0500

Logging started ...

2016-11-29 21:46:11-0500 > 

Logging stopped at 2016-11-29 21:46:11-0500

Logging started ...

2016-11-29 21:46:11-0500 > 

Logging stopped at 2016-11-29 21:46:11-0500

Logging started ...

2016-11-29 21:46:11-0500 > 

Logging stopped at 2016-11-29 21:46:11-0500

Logging started ...

2016-11-29 21:46:11-0500 > 

Logging stopped at 2016-11-29 21:46:11-0500

Logging started ...

2016-11-29 21:46:11-0500 > 

Logging stopped at 2016-11-29 21:46:11-0500

Logging started ...

2016-11-29 21:46:11-0500 > 

Logging stopped at 2016-11-29 21:46:11-0500

Logging started ...

2016-11-29 21:46:11-0500 > 

Logging stopped at 2016-11-29 21:46:11-0500

Logging started ...

2016-11-29 21:46:11-0500 > 

Logging stopped at 2016-11-29 21:46:11-0500

Logging started ...

2016-11-29 21:46:11-0500 > 

Logging stopped at 2016-11-29 21:46:11-0500

Logging started ...

2016-11-29 21:46:11-0500 > 

Logging stopped at 2016-11-29 21:46:11-0500

Logging started ...

2016-11-29 21:46:11-0500 > 

Logging stopped at 2016-11-29 21:46:12-0500

Logging started ...

2016-11-29 21:46:12-0500 > 

Logging stopped at 2016-11-29 21:46:12-0500

Logging started ...

2016-11-29 21:46:12-0500 > 

Logging stopped at 2016-11-29 21:46:12-0500

Logging started ...

2016-11-29 21:46:12-0500 > 

Logging stopped at 2016-11-29 21:46:12-0500

Logging started ...

2016-11-29 21:46:12-0500 > 

Logging stopped at 2016-11-29 21:46:12-0500

Logging started ...

2016-11-29 21:46:12-0500 > 

Logging stopped at 2016-11-29 21:46:12-0500

Logging started ...

2016-11-29 21:46:12-0500 > 

Logging stopped at 2016-11-29 21:46:12-0500

Logging started ...

2016-11-29 21:46:12-0500 > 

Logging stopped at 2016-11-29 21:46:12-0500

Logging started ...

2016-11-29 21:46:12-0500 > 

Logging stopped at 2016-11-29 21:46:12-0500

Logging started ...

2016-11-29 21:46:12-0500 > 

Logging stopped at 2016-11-29 21:46:12-0500

Logging started ...

2016-11-29 21:46:12-0500 > 

Logging stopped at 2016-11-29 21:46:12-0500

Logging started ...

2016-11-29 21:46:12-0500 > 

Logging stopped at 2016-11-29 21:46:12-0500

Logging started ...

2016-11-29 21:46:13-0500 > 

Logging stopped at 2016-11-29 21:46:13-0500

Logging started ...

2016-11-29 21:46:13-0500 > 

Logging stopped at 2016-11-29 21:46:13-0500

Logging started ...

2016-11-29 21:46:13-0500 > 

Logging stopped at 2016-11-29 21:46:13-0500

Logging started ...

2016-11-29 21:46:13-0500 > 

Logging stopped at 2016-11-29 21:46:13-0500

Logging started ...

2016-11-29 21:46:13-0500 > 

Logging stopped at 2016-11-29 21:46:13-0500

Logging started ...

2016-11-29 21:46:13-0500 > 

Logging stopped at 2016-11-29 21:46:13-0500

Logging started ...

2016-11-29 21:46:13-0500 > 

Logging stopped at 2016-11-29 21:46:13-0500

Logging started ...

2016-11-29 21:46:13-0500 > 

Logging stopped at 2016-11-29 21:46:13-0500

Logging started ...

2016-11-29 21:46:13-0500 > 

Logging stopped at 2016-11-29 21:46:13-0500

Logging started ...

2016-11-29 21:46:13-0500 > 

Logging stopped at 2016-11-29 21:46:13-0500

Logging started ...

2016-11-29 21:46:13-0500 > 

Logging stopped at 2016-11-29 21:46:13-0500

Logging started ...

2016-11-29 21:46:13-0500 > 

Logging stopped at 2016-11-29 21:46:13-0500

Logging started ...

2016-11-29 21:46:14-0500 > 

Logging stopped at 2016-11-29 21:46:14-0500

Logging started ...

2016-11-29 21:46:14-0500 > 

Logging stopped at 2016-11-29 21:46:14-0500

Logging started ...

2016-11-29 21:46:14-0500 > 

Logging stopped at 2016-11-29 21:46:14-0500

Logging started ...

2016-11-29 21:46:14-0500 > 

Logging stopped at 2016-11-29 21:46:14-0500

Logging started ...

2016-11-29 21:46:14-0500 > 

Logging stopped at 2016-11-29 21:46:14-0500

Logging started ...

2016-11-29 21:46:14-0500 > 

Logging stopped at 2016-11-29 21:46:14-0500

Logging started ...

2016-11-29 21:46:14-0500 > 

Logging stopped at 2016-11-29 21:46:14-0500

Logging started ...

2016-11-29 23:06:36-0500 > 

Logging stopped at 2016-11-29 23:07:06-0500

Logging started ...

2016-11-29 23:07:45-0500 > <LCtrl>x
2016-11-29 23:07:47-0500 > <LAlt><Tab><LCtrl>ppdevvv<BckSp><BckSp><BckSp><BckSp><BckSp><#+10><BckSp><BckSp><BckSp><BckSp><BckSp><BckSp><BckSp><BckSp>xkiebt<LCtrl>za<LAlt><Tab>xke܂r
2016-11-29 23:08:01-0500 > fit ܂ss ,
2016-11-29 23:08:05-0500 > fit at܂tua
2016-11-29 23:08:35-0500 > <LAlt><Tab><LAlt><Tab>xs j<Tab>
2016-11-29 23:08:52-0500 > a<BckSp>ka -k
2016-11-29 23:08:55-0500 > xs ,,
2016-11-29 23:09:04-0500 > <LAlt><Tab><LAlt><Tab><LAlt><Tab>fit <BckSp><BckSp><BckSp><BckSp><LCtrl>za<LAlt><Tab>fit ܂ss n܂<BckSp><BckSp>n܂<Tab><Tab><Tab><Tab>
2016-11-29 23:09:20-0500 > 
2016-11-29 23:09:21-0500 > fit xonnit -n <LShft>:܂ss ܂n<BckSp><BckSp>n܂ib<LShft>:<LCtrl>v,x<LCtrl>e
2016-11-29 23:09:37-0500 > fit puag or<Tab>n<Tab>
2016-11-29 23:09:42-0500 > <LShft>|gebyu-<LShft>Kiu
2016-11-29 23:09:47-0500 > <LShft>Atikkw܂ites4706
2016-11-29 23:09:52-0500 > jh<BckSp><BckSp><LCtrl>ppp<#+38>܂b<#+54>za<LAlt><Tab><LAlt><Tab><LCtrl>pppppp<#+41>܂b<#+93>p<#+39>pp<LAlt><Tab><LCtrl>x
2016-11-29 23:19:48-0500 > x
2016-11-29 23:19:48-0500 > x
2016-11-29 23:19:48-0500 > <LAlt><Tab><LAlt><Tab><Tab>cin <BckSp><BckSp><BckSp><BckSp><BckSp>ka 
2016-11-29 23:19:56-0500 > cin r<Tab>
2016-11-29 23:20:01-0500 > h<#+20>jjh<#+17>o<LShft>## [fet <LShft>Xu<BckSp><BckSp>xurrebt sirexuory <BckSp><BckSp><BckSp><BckSp><BckSp>tory p܂tg]<LShft>(<Esc>pz<LCtrl>i<Right><LShft><LCtrl>C<LShft>)<Esc><LShft>$0zzi<LShft>*<Esc>o<LShft>* [<LShft>Tiner ib <LShft>X]<LShft>(<LAlt><Tab><LAlt><Tab><LAlt><Tab><Tab><LCtrl>x
2016-11-29 23:21:42-0500 > x
2016-11-29 23:21:42-0500 > x
2016-11-29 23:21:42-0500 > <LAlt><Tab><LCtrl><LShft>C<LShft>)<Esc>jo<LShft>L<BckSp><Esc><LAlt><Tab><LAlt><Tab><LMeta><LCtrl><LMeta><LCtrl>x
2016-11-29 23:22:33-0500 > x
2016-11-29 23:22:33-0500 > x
2016-11-29 23:22:34-0500 > <LShft>Lwq
2016-11-29 23:22:56-0500 > fit ܂ss r<Tab><BckSp><#+8><BckSp><BckSp><BckSp><BckSp><BckSp><BckSp><BckSp><BckSp>,
2016-11-29 23:23:05-0500 > xs ,,<BckSp><BckSp><BckSp> k<Tab><BckSp><BckSp><BckSp><BckSp><Tab>
2016-11-29 23:23:16-0500 > ka 
2016-11-29 23:23:17-0500 > rn j<Tab>,<Tab>
2016-11-29 23:23:22-0500 > <LShft>Y
2016-11-29 23:23:29-0500 > ka 
2016-11-29 23:23:31-0500 > xke܂r
2016-11-29 23:23:33-0500 > xs ,,
2016-11-29 23:23:36-0500 > ܂<BckSp>fit ܂ss ,