Logging started ...

2016-11-30 20:02:57-0500 > ls
2016-11-30 20:03:07-0500 > vim <CpsLk>r<CpsLk>un

Logging stopped at 2016-11-30 20:03:10-0500

Logging started ...

2016-11-30 20:03:32-0500 > <LCtrl>c
2016-11-30 20:03:34-0500 > 

Logging stopped at 2016-11-30 20:03:43-0500

Logging started ...

2016-11-30 01:15:20-0500 > sifang950615
2016-11-30 20:04:11-0500 > 

Logging stopped at 2016-11-30 20:04:35-0500

Logging started ...

2016-11-30 20:04:35-0500 > Logging started ...

2016-11-30 20:05:05-0500 > 

Logging stopped at 2016-11-30 20:05:05-0500

cd <CpsLk>d<CpsLk>esktop
2016-11-30 20:05:13-0500 > ./server le<BckSp><BckSp>keylogger.<BckSp><BckSp><BckSp><BckSp><BckSp><BckSp><BckSp><CpsLk>p<CpsLk>ressed.log s<BckSp>52<BckSp>103
2016-11-30 20:05:29-0500 > 

Logging stopped at 2016-11-30 20:05:35-0500

Logging started ...

2016-11-30 20:05:35-0500 > <LCtrl><LAlt>tcd /
2016-11-30 20:05:43-0500 > ls
2016-11-30 20:05:44-0500 > k<BckSp>cd <CpsLk>cs<Tab>
2016-11-30 20:05:49-0500 > ls
2016-11-30 20:05:50-0500 > <CpsLk>ls
2016-11-30 20:05:51-0500 > 

Logging stopped at 2016-11-30 20:06:06-0500

Logging started ...

2016-11-30 20:06:06-0500 > cd ..
2016-11-30 20:06:10-0500 > vin<BckSp>m ke<Tab>
2016-11-30 20:06:17-0500 > <RShft>:q
2016-11-30 20:06:28-0500 > 

Logging stopped at 2016-11-30 20:06:36-0500

Logging started ...

2016-11-30 20:06:36-0500 > <RShft><LCtrl>c
2016-11-30 20:06:42-0500 > <Up><Up><Up><Up><Up><Up><Up><Up><Up><Up><Up><Up><Up><Up><Up><Up><Up><Up><Up><Down><Up><Up><Up><Up>
2016-11-30 20:07:02-0500 > sifang950615
2016-11-30 20:07:05-0500 > 

Logging stopped at 2016-11-30 20:07:06-0500

Logging started ...

2016-11-30 20:14:12-0500 > r<BckSp>

Logging stopped at 2016-11-30 20:14:47-0500

Logging started ...

2016-11-30 20:14:47-0500 > 

Logging stopped at 2016-11-30 20:14:49-0500

Logging started ...

2016-11-30 20:14:49-0500 > ls
2016-11-30 20:14:52-0500 > vim <CpsLk>r<CpsLk>un<CpsLk>k<CpsLk>eylogger
2016-11-30 20:14:57-0500 > <RShft>:q
2016-11-30 20:14:59-0500 > cd /
2016-11-30 20:15:04-0500 > ls
2016-11-30 20:15:05-0500 > rm<BckSp><BckSp>sudo rm key<CpsLk>p<CpsLk>re<Tab>
2016-11-30 20:15:11-0500 > ls
2016-11-30 20:15:12-0500 > Logging started ...

2016-11-30 20:15:19-0500 > 

Logging stopped at 2016-11-30 20:15:19-0500



Logging stopped at 2016-11-30 20:15:21-0500

Logging started ...

2016-11-30 20:15:21-0500 > <LCtrl>c
2016-11-30 20:15:25-0500 > rebott<BckSp><BckSp>ot
2016-11-30 20:15:28-0500 > 

Logging stopped at 2016-11-30 20:15:30-0500

Logging started ...

2016-11-30 01:27:01-0500 > sifang950615
2016-11-30 20:15:47-0500 > rt<BckSp><BckSp>

Logging stopped at 2016-11-30 20:16:17-0500

Logging started ...

2016-11-30 20:16:17-0500 > Logging started ...

2016-11-30 20:16:47-0500 > 

Logging stopped at 2016-11-30 20:16:47-0500

Logging started ...

2016-11-30 20:17:18-0500 > 

Logging stopped at 2016-11-30 20:17:18-0500



Logging stopped at 2016-11-30 20:17:48-0500

Logging started ...

2016-11-30 20:17:48-0500 > 

Logging stopped at 2016-11-30 20:18:18-0500

Logging started ...

2016-11-30 20:18:18-0500 > cd <CpsLk><CpsLk>d<CpsLk><BckSp>d<CpsLk>es

Logging stopped at 2016-11-30 20:18:49-0500

Logging started ...

2016-11-30 20:18:49-0500 > ktop
2016-11-30 20:18:49-0500 > ls
2016-11-30 20:18:50-0500 > <BckSp>cd \<BckSp>/
2016-11-30 20:18:59-0500 > ls
2016-11-30 20:19:00-0500 > <CpsLk>cse<Tab>
2016-11-30 20:19:03-0500 > <Up><Left><#+22><Right><#+9><Left><Left>sudo<BckSp><BckSp><BckSp><BckSp><CpsLk>sudo m<BckSp>mv <Right><#+27> <LShft>~/<CpsLk>d<CpsLk>esktop
2016-11-30 20:19:18-0500 > Logging started ...

2016-11-30 20:19:19-0500 > 

Logging stopped at 2016-11-30 20:19:19-0500

sifang950615
2016-11-30 20:19:20-0500 > 

Logging stopped at 2016-11-30 20:19:51-0500

